c:\users\administrator\desktop\textrpg-master2\textrpg-master\homework\debug\dfgjofgkjr.pch
c:\users\administrator\desktop\textrpg-master2\textrpg-master\homework\debug\vc140.pdb
c:\users\administrator\desktop\textrpg-master2\textrpg-master\homework\debug\vc140.idb
c:\users\administrator\desktop\textrpg-master2\textrpg-master\homework\debug\stdafx.obj
c:\users\administrator\desktop\textrpg-master2\textrpg-master\homework\debug\bufitem.obj
c:\users\administrator\desktop\textrpg-master2\textrpg-master\homework\debug\character.obj
c:\users\administrator\desktop\textrpg-master2\textrpg-master\homework\debug\monster.obj
c:\users\administrator\desktop\textrpg-master2\textrpg-master\homework\debug\weapon.obj
c:\users\administrator\desktop\textrpg-master2\textrpg-master\homework\debug\rpg.obj
c:\users\administrator\desktop\textrpg-master\textrpg-master\homework\debug\dfgjofgkjr.pch
c:\users\administrator\desktop\textrpg-master\textrpg-master\homework\debug\vc140.pdb
c:\users\administrator\desktop\textrpg-master\textrpg-master\homework\debug\vc140.idb
c:\users\administrator\desktop\textrpg-master\textrpg-master\homework\debug\stdafx.obj
c:\users\administrator\desktop\textrpg-master\textrpg-master\homework\debug\bufitem.obj
c:\users\administrator\desktop\textrpg-master\textrpg-master\homework\debug\monster.obj
c:\users\administrator\desktop\textrpg-master\textrpg-master\homework\debug\weapon.obj
c:\users\administrator\desktop\textrpg-master\textrpg-master\homework\debug\potion.obj
c:\users\administrator\desktop\textrpg-master2\textrpg-master\debug\dfgjofgkjr.ilk
c:\users\administrator\desktop\textrpg-master2\textrpg-master\debug\dfgjofgkjr.exe
c:\users\administrator\desktop\textrpg-master2\textrpg-master\debug\dfgjofgkjr.pdb
c:\users\administrator\desktop\textrpg-master\textrpg-master\homework\debug\rpg.obj
c:\users\administrator\desktop\textrpg-master\textrpg-master\debug\dfgjofgkjr.pdb
c:\users\administrator\desktop\textrpg-master\textrpg-master\debug\dfgjofgkjr.exe
c:\users\administrator\desktop\textrpg-master\textrpg-master\debug\dfgjofgkjr.ilk
c:\users\administrator\desktop\textrpg-master\textrpg-master\homework\debug\dfgjofgkjr.tlog\cl.command.1.tlog
c:\users\administrator\desktop\textrpg-master\textrpg-master\homework\debug\dfgjofgkjr.tlog\cl.read.1.tlog
c:\users\administrator\desktop\textrpg-master\textrpg-master\homework\debug\dfgjofgkjr.tlog\cl.write.1.tlog
c:\users\administrator\desktop\textrpg-master\textrpg-master\homework\debug\dfgjofgkjr.tlog\link.command.1.tlog
c:\users\administrator\desktop\textrpg-master\textrpg-master\homework\debug\dfgjofgkjr.tlog\link.read.1.tlog
c:\users\administrator\desktop\textrpg-master\textrpg-master\homework\debug\dfgjofgkjr.tlog\link.write.1.tlog
